<?xml version="1.0" encoding="UTF-8"?>
<testng-results ignored="0" total="1" passed="1" failed="0" skipped="0">
  <reporter-output>
  </reporter-output>
  <suite started-at="2025-02-12T16:34:59 EST" name="Default suite" finished-at="2025-02-12T16:35:00 EST" duration-ms="1553">
    <groups>
    </groups>
    <test started-at="2025-02-12T16:34:59 EST" name="Default test" finished-at="2025-02-12T16:35:00 EST" duration-ms="1553">
      <class name="Differentwaystorequest.ParsingResponsebody">
        <test-method signature="testingjsonResponsedata()[pri:0, instance:Differentwaystorequest.ParsingResponsebody@54e1c68b]" started-at="2025-02-12T16:34:59 EST" name="testingjsonResponsedata" finished-at="2025-02-12T16:35:00 EST" duration-ms="1496" status="PASS">
          <reporter-output>
          </reporter-output>
        </test-method> <!-- testingjsonResponsedata -->
      </class> <!-- Differentwaystorequest.ParsingResponsebody -->
    </test> <!-- Default test -->
  </suite> <!-- Default suite -->
</testng-results>
